<?xml version="1.0" encoding="UTF-8"?>
<!-- Generated by org.testng.reporters.JUnitReportReporter -->
<testsuite hostname="Arpita" failures="0" tests="1" name="TestScripts.LoginTest" time="22.342" errors="0" timestamp="2024-10-16T19:33:05 IST" skipped="0">
  <testcase classname="TestScripts.LoginTest" name="loginscript" time="22.342"/>
  <system-out>
    <![CDATA[Browser got launched Successfully
Browser got maximized Successfully
e-commerce website got launched Successfully
Logged in Successfully
Logged in Successfully]]>
  </system-out>
</testsuite> <!-- TestScripts.LoginTest -->
