<?xml version="1.0" encoding="UTF-8"?>
<!-- Generated by org.testng.reporters.JUnitReportReporter -->
<testsuite hostname="Arpita" failures="0" tests="1" name="TestScripts.FunctionalTest" time="23.257" errors="0" timestamp="2024-10-17T00:34:09 IST" skipped="0">
  <testcase classname="TestScripts.FunctionalTest" name="runScript" time="23.257"/>
  <system-out>
    <![CDATA[Browser got launched Successfully
Browser got maximized Successfully
e-commerce website got launched Successfully
Logged in Successfully
Product added Successfully
Product added Successfully]]>
  </system-out>
</testsuite> <!-- TestScripts.FunctionalTest -->
