<?xml version="1.0" encoding="UTF-8"?>
<!-- Generated by org.testng.reporters.JUnitReportReporter -->
<testsuite hostname="Arpita" failures="0" tests="3" name="TestScripts.UITest" time="56.607" errors="0" timestamp="2024-10-17T00:31:53 IST" skipped="0">
  <testcase classname="TestScripts.UITest" name="runSearchTest" time="14.230"/>
  <system-out>
    <![CDATA[Browser got launched Successfully
Browser got maximized Successfully
e-commerce website got launched Successfully]]>
  </system-out>
  <testcase classname="TestScripts.UITest" name="runFooterTest" time="22.323"/>
  <system-out>
    <![CDATA[Browser got launched Successfully
Browser got maximized Successfully
e-commerce website got launched Successfully]]>
  </system-out>
  <testcase classname="TestScripts.UITest" name="runNaviagationTest" time="20.054"/>
  <system-out>
    <![CDATA[Browser got launched Successfully
Browser got maximized Successfully
e-commerce website got launched Successfully]]>
  </system-out>
</testsuite> <!-- TestScripts.UITest -->
