<?xml version="1.0" encoding="UTF-8"?>
<!-- Generated by org.testng.reporters.JUnitReportReporter -->
<testsuite hostname="Arpita" failures="0" tests="1" name="TestScripts.ValidationTest" time="15.712" errors="0" timestamp="2024-10-17T14:05:02 IST" skipped="0">
  <testcase classname="TestScripts.ValidationTest" name="validationScript" time="15.712"/>
  <system-out>
    <![CDATA[Launching & maximising browser
Website launched
Request submitted for registration
Request submitted for registration]]>
  </system-out>
</testsuite> <!-- TestScripts.ValidationTest -->
